1572264769.652699 client started (4234): version 2.6, socket /tmp/tmux-1000/test, protocol 8
1572264769.652748 on Linux 4.15.0-65-generic #74-Ubuntu SMP Tue Sep 17 17:06:04 UTC 2019; libevent 2.1.8-stable (poll)
1572264769.652775 socket is /tmp/tmux-1000/test
1572264769.652796 trying connect
1572264769.652829 connect failed: No such file or directory
1572264769.652844 lock file is /tmp/tmux-1000/test.lock
1572264769.652884 flock succeeded
1572264769.652890 got lock (6)
1572264769.652898 trying connect
1572264769.652908 connect failed: No such file or directory
1572264769.653127 add peer 0x558a073a2b60: 7 ((nil))
1572264769.653225 sending message 100 to peer 0x558a073a2b60 (4 bytes)
1572264769.653236 sending message 101 to peer 0x558a073a2b60 (15 bytes)
1572264769.653242 sending message 102 to peer 0x558a073a2b60 (11 bytes)
1572264769.653248 sending message 108 to peer 0x558a073a2b60 (43 bytes)
1572264769.653255 sending message 104 to peer 0x558a073a2b60 (0 bytes)
1572264769.653261 sending message 107 to peer 0x558a073a2b60 (4 bytes)
1572264769.653270 sending message 105 to peer 0x558a073a2b60 (22 bytes)
1572264769.653278 sending message 105 to peer 0x558a073a2b60 (14 bytes)
1572264769.653284 sending message 105 to peer 0x558a073a2b60 (1516 bytes)
1572264769.653302 sending message 105 to peer 0x558a073a2b60 (41 bytes)
1572264769.653308 sending message 105 to peer 0x558a073a2b60 (54 bytes)
1572264769.653314 sending message 105 to peer 0x558a073a2b60 (27 bytes)
1572264769.653320 sending message 105 to peer 0x558a073a2b60 (34 bytes)
1572264769.653326 sending message 105 to peer 0x558a073a2b60 (21 bytes)
1572264769.653332 sending message 105 to peer 0x558a073a2b60 (24 bytes)
1572264769.653337 sending message 105 to peer 0x558a073a2b60 (23 bytes)
1572264769.653343 sending message 105 to peer 0x558a073a2b60 (17 bytes)
1572264769.653349 sending message 105 to peer 0x558a073a2b60 (11 bytes)
1572264769.653354 sending message 105 to peer 0x558a073a2b60 (41 bytes)
1572264769.653360 sending message 105 to peer 0x558a073a2b60 (32 bytes)
1572264769.653366 sending message 105 to peer 0x558a073a2b60 (56 bytes)
1572264769.653372 sending message 105 to peer 0x558a073a2b60 (58 bytes)
1572264769.653378 sending message 105 to peer 0x558a073a2b60 (52 bytes)
1572264769.653383 sending message 105 to peer 0x558a073a2b60 (20 bytes)
1572264769.653389 sending message 105 to peer 0x558a073a2b60 (70 bytes)
1572264769.653395 sending message 105 to peer 0x558a073a2b60 (14 bytes)
1572264769.653401 sending message 105 to peer 0x558a073a2b60 (47 bytes)
1572264769.653407 sending message 105 to peer 0x558a073a2b60 (56 bytes)
1572264769.653412 sending message 105 to peer 0x558a073a2b60 (11 bytes)
1572264769.653418 sending message 105 to peer 0x558a073a2b60 (41 bytes)
1572264769.653424 sending message 105 to peer 0x558a073a2b60 (56 bytes)
1572264769.653430 sending message 105 to peer 0x558a073a2b60 (54 bytes)
1572264769.653452 sending message 105 to peer 0x558a073a2b60 (14 bytes)
1572264769.653458 sending message 105 to peer 0x558a073a2b60 (7 bytes)
1572264769.653464 sending message 105 to peer 0x558a073a2b60 (20 bytes)
1572264769.653470 sending message 105 to peer 0x558a073a2b60 (17 bytes)
1572264769.653476 sending message 105 to peer 0x558a073a2b60 (10 bytes)
1572264769.653481 sending message 105 to peer 0x558a073a2b60 (36 bytes)
1572264769.653487 sending message 105 to peer 0x558a073a2b60 (23 bytes)
1572264769.653493 sending message 105 to peer 0x558a073a2b60 (18 bytes)
1572264769.653499 sending message 105 to peer 0x558a073a2b60 (33 bytes)
1572264769.653505 sending message 105 to peer 0x558a073a2b60 (86 bytes)
1572264769.653511 sending message 105 to peer 0x558a073a2b60 (56 bytes)
1572264769.653517 sending message 105 to peer 0x558a073a2b60 (64 bytes)
1572264769.653523 sending message 105 to peer 0x558a073a2b60 (51 bytes)
1572264769.653528 sending message 105 to peer 0x558a073a2b60 (47 bytes)
1572264769.653534 sending message 105 to peer 0x558a073a2b60 (16 bytes)
1572264769.653540 sending message 105 to peer 0x558a073a2b60 (49 bytes)
1572264769.653546 sending message 105 to peer 0x558a073a2b60 (21 bytes)
1572264769.653559 sending message 105 to peer 0x558a073a2b60 (19 bytes)
1572264769.653565 sending message 105 to peer 0x558a073a2b60 (56 bytes)
1572264769.653571 sending message 105 to peer 0x558a073a2b60 (19 bytes)
1572264769.653577 sending message 105 to peer 0x558a073a2b60 (21 bytes)
1572264769.653582 sending message 105 to peer 0x558a073a2b60 (83 bytes)
1572264769.653588 sending message 105 to peer 0x558a073a2b60 (11 bytes)
1572264769.653594 sending message 105 to peer 0x558a073a2b60 (27 bytes)
1572264769.653599 sending message 105 to peer 0x558a073a2b60 (54 bytes)
1572264769.653605 sending message 105 to peer 0x558a073a2b60 (23 bytes)
1572264769.653611 sending message 105 to peer 0x558a073a2b60 (56 bytes)
1572264769.653616 sending message 105 to peer 0x558a073a2b60 (52 bytes)
1572264769.653622 sending message 105 to peer 0x558a073a2b60 (23 bytes)
1572264769.653627 sending message 105 to peer 0x558a073a2b60 (58 bytes)
1572264769.653633 sending message 105 to peer 0x558a073a2b60 (54 bytes)
1572264769.653639 sending message 105 to peer 0x558a073a2b60 (33 bytes)
1572264769.653644 sending message 105 to peer 0x558a073a2b60 (28 bytes)
1572264769.653650 sending message 105 to peer 0x558a073a2b60 (17 bytes)
1572264769.653665 sending message 105 to peer 0x558a073a2b60 (13 bytes)
1572264769.653671 sending message 105 to peer 0x558a073a2b60 (17 bytes)
1572264769.653677 sending message 105 to peer 0x558a073a2b60 (20 bytes)
1572264769.653682 sending message 105 to peer 0x558a073a2b60 (16 bytes)
1572264769.653688 sending message 105 to peer 0x558a073a2b60 (18 bytes)
1572264769.653693 sending message 105 to peer 0x558a073a2b60 (20 bytes)
1572264769.653699 sending message 105 to peer 0x558a073a2b60 (18 bytes)
1572264769.653705 sending message 105 to peer 0x558a073a2b60 (33 bytes)
1572264769.653711 sending message 105 to peer 0x558a073a2b60 (52 bytes)
1572264769.653717 sending message 105 to peer 0x558a073a2b60 (56 bytes)
1572264769.653722 sending message 105 to peer 0x558a073a2b60 (29 bytes)
1572264769.653728 sending message 105 to peer 0x558a073a2b60 (15 bytes)
1572264769.653734 sending message 105 to peer 0x558a073a2b60 (8 bytes)
1572264769.653740 sending message 105 to peer 0x558a073a2b60 (52 bytes)
1572264769.653746 sending message 105 to peer 0x558a073a2b60 (25 bytes)
1572264769.653751 sending message 105 to peer 0x558a073a2b60 (18 bytes)
1572264769.653757 sending message 105 to peer 0x558a073a2b60 (44 bytes)
1572264769.653763 sending message 105 to peer 0x558a073a2b60 (13 bytes)
1572264769.653769 sending message 105 to peer 0x558a073a2b60 (54 bytes)
1572264769.653775 sending message 105 to peer 0x558a073a2b60 (31 bytes)
1572264769.653781 sending message 105 to peer 0x558a073a2b60 (41 bytes)
1572264769.653786 sending message 105 to peer 0x558a073a2b60 (64 bytes)
1572264769.653792 sending message 105 to peer 0x558a073a2b60 (45 bytes)
1572264769.653798 sending message 105 to peer 0x558a073a2b60 (214 bytes)
1572264769.653804 sending message 105 to peer 0x558a073a2b60 (30 bytes)
1572264769.653810 sending message 105 to peer 0x558a073a2b60 (52 bytes)
1572264769.653815 sending message 105 to peer 0x558a073a2b60 (52 bytes)
1572264769.653821 sending message 105 to peer 0x558a073a2b60 (26 bytes)
1572264769.653826 sending message 105 to peer 0x558a073a2b60 (52 bytes)
1572264769.653832 sending message 105 to peer 0x558a073a2b60 (54 bytes)
1572264769.653838 sending message 105 to peer 0x558a073a2b60 (58 bytes)
1572264769.653844 sending message 105 to peer 0x558a073a2b60 (52 bytes)
1572264769.653850 sending message 105 to peer 0x558a073a2b60 (92 bytes)
1572264769.653858 sending message 105 to peer 0x558a073a2b60 (52 bytes)
1572264769.653864 sending message 105 to peer 0x558a073a2b60 (32 bytes)
1572264769.653870 sending message 105 to peer 0x558a073a2b60 (19 bytes)
1572264769.653875 sending message 105 to peer 0x558a073a2b60 (20 bytes)
1572264769.653881 sending message 105 to peer 0x558a073a2b60 (16 bytes)
1572264769.653886 sending message 105 to peer 0x558a073a2b60 (16 bytes)
1572264769.653892 sending message 106 to peer 0x558a073a2b60 (0 bytes)
1572264769.653903 sending message 200 to peer 0x558a073a2b60 (8 bytes)
1572264769.653908 client loop enter
1572264769.665696 peer 0x558a073a2b60 message 207
1572264769.665725 sending message 208 to peer 0x558a073a2b60 (0 bytes)
1572264779.229703 peer 0x558a073a2b60 message 203
1572264779.229726 sending message 205 to peer 0x558a073a2b60 (0 bytes)
1572264779.229990 peer 0x558a073a2b60 message 204
1572264779.230002 client loop exit
