[?1049h[22;0;0t[?1h=[H[2J[?12l[?25h[?1000l[?1002l[?1006l[?1005l[c(B[m[?12;25h[?12l[?25h[?1003l[?1006l[?2004l[1;1H[1;54r]112[1;1H[?25l[K
[K
[K
[K
[K
[K
[K
[K
[K
[K
[K
[K
[K
[K
[K
[K
[K
[K
[K
[K
[K
[K
[K
[K
[K
[K
[K
[K
[K
[K
[K
[K
[K
[K
[K
[K
[K
[K
[K
[K
[K
[K
[K
[K
[K
[K
[K
[K
[K
[K
[K
[K
[K
[30m[42m[0] 0:bash*                                                              "tin-machine" 18:12 28-Oct-19(B[m[1;1H[?12l[?25h(B[m[?12;25h[?12l[?25h[?1003l[?1006l[?2004l[1;1H[1;54r[?25l[1;1H[K
[K
[K
[K
[K
[K
[K
[K
[K
[K
[K
[K
[K
[K
[K
[K
[K
[K
[K
[K
[K
[K
[K
[K
[K
[K
[K
[K
[K
[K
[K
[K
[K
[K
[K
[K
[K
[K
[K
[K
[K
[K
[K
[K
[K
[K
[K
[K
[K
[K
[K
[K
[K
[30m[42m[0] 0:bash*                                                              "tin-machine" 18:12 28-Oct-19(B[m[1;1H[?12l[?25hsamx@tin-machine:~/Projects/rl-experimets/breakout$ :q[K[Kexit
logout
